2017-08-23 08:13:07,130 INFO  [org.jboss.modules] (main) JBoss Modules version 1.5.1.Final
2017-08-23 08:13:07,364 INFO  [org.jboss.msc] (main) JBoss MSC version 1.2.6.Final
2017-08-23 08:13:07,448 INFO  [org.jboss.as] (MSC service thread 1-6) WFLYSRV0049: WildFly Full 10.0.0.Final (WildFly Core 2.0.10.Final) starting
2017-08-23 08:13:07,450 DEBUG [org.jboss.as.config] (MSC service thread 1-6) Configured system properties:
	awt.toolkit = sun.awt.windows.WToolkit
	file.encoding = Cp1252
	file.encoding.pkg = sun.io
	file.separator = \
	java.awt.graphicsenv = sun.awt.Win32GraphicsEnvironment
	java.awt.headless = true
	java.awt.printerjob = sun.awt.windows.WPrinterJob
	java.class.path = C:\wildfly-10.0.0.Final\jboss-modules.jar
	java.class.version = 52.0
	java.endorsed.dirs = C:\Program Files\Java\jre1.8.0_141\lib\endorsed
	java.ext.dirs = C:\Program Files\Java\jre1.8.0_141\lib\ext;C:\WINDOWS\Sun\Java\lib\ext
	java.home = C:\Program Files\Java\jre1.8.0_141
	java.io.tmpdir = C:\Users\USER\AppData\Local\Temp\
	java.library.path = C:\Program Files\Java\jre1.8.0_141\bin;C:\WINDOWS\Sun\Java\bin;C:\WINDOWS\system32;C:\WINDOWS;native;C:/Program Files/Java/jre1.8.0_141/bin/server;C:/Program Files/Java/jre1.8.0_141/bin;C:/Program Files/Java/jre1.8.0_141/lib/amd64;C:\Program Files\ImageMagick-7.0.4-Q8;C:\Program Files\ImageMagick-7.0.4-Q16;C:\Users\USER\AppData\Local\Programs\Python\Python36;C:\Users\USER\AppData\Local\Programs\Python\Python36\Scripts;C:\ProgramData\Oracle\Java\javapath;C:\WINDOWS\system32;C:\WINDOWS;C:\WINDOWS\System32\Wbem;C:\WINDOWS\System32\WindowsPowerShell\v1.0\;C:\WINDOWS\system32\config\systemprofile\.dnx\bin;C:\Program Files\Microsoft DNX\Dnvm\;C:\Program Files\Microsoft SQL Server\130\Tools\Binn\;C:\Program Files\Microsoft SQL Server\120\DTS\Binn\;C:\Program Files\Microsoft SQL Server\Client SDK\ODBC\110\Tools\Binn\;C:\Program Files (x86)\Microsoft SQL Server\120\Tools\Binn\;C:\Program Files\Microsoft SQL Server\120\Tools\Binn\;C:\Program Files (x86)\Microsoft SQL Server\120\Tools\Binn\ManagementStudio\;C:\Program Files (x86)\Microsoft SQL Server\120\DTS\Binn\;C:\Program Files\Git\cmd;D:\TDM-GCC-64\bin;C:\TDM-GCC-64\bin;C:\Program Files\Java\jdk1.7.0_51;C:\Program Files (x86)\Brackets\command;C:\Program Files (x86)\Skype\Phone\;C:\PDFtk\bin\;C:\PDFtk Server\bin\;C:\Program Files\MySQL\MySQL Utilities 1.6\;C:\Program Files (x86)\Yarn\bin;C:\ProgramData\chocolatey\bin;C:\Program Files\nodejs\;C:\Program Files (x86)\Git Cola\bin;C:\Users\USER\AppData\Local\Programs\Python\Python36\Scripts\;C:\Users\USER\AppData\Local\Programs\Python\Python36\;C:\Program Files (x86)\Microsoft VS Code\bin;C:\Users\USER\AppData\Local\Yarn\bin;C:\Users\USER\AppData\Roaming\npm;C:\eclipse;;.
	java.net.preferIPv4Stack = true
	java.runtime.name = Java(TM) SE Runtime Environment
	java.runtime.version = 1.8.0_141-b15
	java.specification.name = Java Platform API Specification
	java.specification.vendor = Oracle Corporation
	java.specification.version = 1.8
	java.util.logging.manager = org.jboss.logmanager.LogManager
	java.vendor = Oracle Corporation
	java.vendor.url = http://java.oracle.com/
	java.vendor.url.bug = http://bugreport.sun.com/bugreport/
	java.version = 1.8.0_141
	java.vm.info = mixed mode
	java.vm.name = Java HotSpot(TM) 64-Bit Server VM
	java.vm.specification.name = Java Virtual Machine Specification
	java.vm.specification.vendor = Oracle Corporation
	java.vm.specification.version = 1.8
	java.vm.vendor = Oracle Corporation
	java.vm.version = 25.141-b15
	javax.management.builder.initial = org.jboss.as.jmx.PluggableMBeanServerBuilder
	javax.xml.datatype.DatatypeFactory = __redirected.__DatatypeFactory
	javax.xml.parsers.DocumentBuilderFactory = __redirected.__DocumentBuilderFactory
	javax.xml.parsers.SAXParserFactory = __redirected.__SAXParserFactory
	javax.xml.stream.XMLEventFactory = __redirected.__XMLEventFactory
	javax.xml.stream.XMLInputFactory = __redirected.__XMLInputFactory
	javax.xml.stream.XMLOutputFactory = __redirected.__XMLOutputFactory
	javax.xml.transform.TransformerFactory = __redirected.__TransformerFactory
	javax.xml.validation.SchemaFactory:http://www.w3.org/2001/XMLSchema = __redirected.__SchemaFactory
	javax.xml.xpath.XPathFactory:http://java.sun.com/jaxp/xpath/dom = __redirected.__XPathFactory
	jboss.bind.address = localhost
	jboss.bind.address.management = localhost
	jboss.home.dir = C:\wildfly-10.0.0.Final
	jboss.host.name = notedev
	jboss.modules.dir = C:\wildfly-10.0.0.Final\modules
	jboss.modules.system.pkgs = org.jboss.byteman
	jboss.node.name = notedev
	jboss.qualified.host.name = notedev
	jboss.server.base.dir = C:\wildfly-10.0.0.Final\standalone
	jboss.server.config.dir = C:\wildfly-10.0.0.Final\standalone\configuration
	jboss.server.data.dir = C:\wildfly-10.0.0.Final\standalone\data
	jboss.server.deploy.dir = C:\wildfly-10.0.0.Final\standalone\data\content
	jboss.server.log.dir = C:\wildfly-10.0.0.Final\standalone\log
	jboss.server.name = notedev
	jboss.server.persist.config = true
	jboss.server.temp.dir = C:\wildfly-10.0.0.Final\standalone\tmp
	line.separator = 

	logging.configuration = file:/C:/wildfly-10.0.0.Final/standalone/configuration/logging.properties
	module.path = C:/wildfly-10.0.0.Final/modules
	org.jboss.boot.log.file = C:/wildfly-10.0.0.Final/standalone/log/boot.log
	org.jboss.logmanager.nocolor = true
	org.jboss.resolver.warning = true
	org.xml.sax.driver = __redirected.__XMLReaderFactory
	os.arch = amd64
	os.name = Windows 10
	os.version = 10.0
	path.separator = ;
	program.name = JBossTools: WildFly 10.x
	sun.arch.data.model = 64
	sun.boot.class.path = C:\Program Files\Java\jre1.8.0_141\lib\resources.jar;C:\Program Files\Java\jre1.8.0_141\lib\rt.jar;C:\Program Files\Java\jre1.8.0_141\lib\sunrsasign.jar;C:\Program Files\Java\jre1.8.0_141\lib\jsse.jar;C:\Program Files\Java\jre1.8.0_141\lib\jce.jar;C:\Program Files\Java\jre1.8.0_141\lib\charsets.jar;C:\Program Files\Java\jre1.8.0_141\lib\jfr.jar;C:\Program Files\Java\jre1.8.0_141\classes
	sun.boot.library.path = C:\Program Files\Java\jre1.8.0_141\bin
	sun.cpu.endian = little
	sun.cpu.isalist = amd64
	sun.desktop = windows
	sun.io.unicode.encoding = UnicodeLittle
	sun.java.command = org.jboss.modules.Main -mp C:/wildfly-10.0.0.Final/modules org.jboss.as.standalone -b localhost --server-config=standalone-full.xml -Djboss.server.base.dir=C:\wildfly-10.0.0.Final\standalone
	sun.java.launcher = SUN_STANDARD
	sun.jnu.encoding = Cp1252
	sun.management.compiler = HotSpot 64-Bit Tiered Compilers
	sun.os.patch.level = 
	sun.rmi.dgc.client.gcInterval = 3600000
	sun.rmi.dgc.server.gcInterval = 3600000
	user.country = BR
	user.dir = C:\wildfly-10.0.0.Final\bin
	user.home = C:\Users\USER
	user.language = pt
	user.name = USER
	user.script = 
	user.timezone = America/Cuiaba
	user.variant = 
2017-08-23 08:13:07,450 DEBUG [org.jboss.as.config] (MSC service thread 1-6) VM Arguments: -Dprogram.name=JBossTools: WildFly 10.x -Xms64m -Xmx512m -Dorg.jboss.resolver.warning=true -Djava.net.preferIPv4Stack=true -Dsun.rmi.dgc.client.gcInterval=3600000 -Dsun.rmi.dgc.server.gcInterval=3600000 -Djboss.modules.system.pkgs=org.jboss.byteman -Djava.awt.headless=true -Dorg.jboss.boot.log.file=C:/wildfly-10.0.0.Final/standalone/log/boot.log -Dlogging.configuration=file:/C:/wildfly-10.0.0.Final/standalone/configuration/logging.properties -Djboss.home.dir=C:/wildfly-10.0.0.Final -Dorg.jboss.logmanager.nocolor=true -Djboss.bind.address.management=localhost -Dfile.encoding=Cp1252 
2017-08-23 08:13:08,482 INFO  [org.jboss.as.server.deployment.scanner] (DeploymentScanner-threads - 1) WFLYDS0004: Found casadocodigo.war in deployment directory. To trigger deployment create a file called casadocodigo.war.dodeploy
2017-08-23 08:13:08,518 INFO  [org.jboss.as.server] (Controller Boot Thread) WFLYSRV0039: Creating http management service using socket-binding (management-http)
2017-08-23 08:13:08,536 INFO  [org.xnio] (MSC service thread 1-4) XNIO version 3.3.4.Final
2017-08-23 08:13:08,545 INFO  [org.xnio.nio] (MSC service thread 1-4) XNIO NIO Implementation Version 3.3.4.Final
2017-08-23 08:13:08,596 INFO  [org.wildfly.extension.io] (ServerService Thread Pool -- 40) WFLYIO001: Worker 'default' has auto-configured to 16 core threads with 128 task threads based on your 8 available processors
2017-08-23 08:13:08,617 INFO  [org.jboss.as.clustering.infinispan] (ServerService Thread Pool -- 41) WFLYCLINF0001: Activating Infinispan subsystem.
2017-08-23 08:13:08,717 WARN  [org.jboss.as.txn] (ServerService Thread Pool -- 60) WFLYTX0013: Node identifier property is set to the default value. Please make sure it is unique.
2017-08-23 08:13:08,717 INFO  [org.wildfly.iiop.openjdk] (ServerService Thread Pool -- 42) WFLYIIOP0001: Activating IIOP Subsystem
2017-08-23 08:13:08,722 INFO  [org.jboss.as.jsf] (ServerService Thread Pool -- 48) WFLYJSF0007: Activated the following JSF Implementations: [main]
2017-08-23 08:13:08,724 INFO  [org.jboss.as.connector.subsystems.datasources] (ServerService Thread Pool -- 36) WFLYJCA0004: Deploying JDBC-compliant driver class org.h2.Driver (version 1.3)
2017-08-23 08:13:08,741 INFO  [org.jboss.as.webservices] (ServerService Thread Pool -- 62) WFLYWS0002: Activating WebServices Extension
2017-08-23 08:13:08,763 INFO  [org.wildfly.extension.undertow] (ServerService Thread Pool -- 61) WFLYUT0003: Undertow 1.3.15.Final starting
2017-08-23 08:13:08,763 INFO  [org.jboss.as.connector.subsystems.datasources] (ServerService Thread Pool -- 36) WFLYJCA0005: Deploying non-JDBC-compliant driver class com.mysql.jdbc.Driver (version 5.1)
2017-08-23 08:13:08,763 INFO  [org.wildfly.extension.undertow] (MSC service thread 1-1) WFLYUT0003: Undertow 1.3.15.Final starting
2017-08-23 08:13:08,765 INFO  [org.jboss.as.security] (ServerService Thread Pool -- 59) WFLYSEC0002: Activating Security Subsystem
2017-08-23 08:13:08,766 INFO  [org.jboss.as.connector] (MSC service thread 1-6) WFLYJCA0009: Starting JCA Subsystem (WildFly/IronJacamar 1.3.2.Final)
2017-08-23 08:13:08,771 INFO  [org.jboss.as.connector.deployers.jdbc] (MSC service thread 1-6) WFLYJCA0018: Started Driver service with driver-name = h2
2017-08-23 08:13:08,772 INFO  [org.jboss.as.connector.deployers.jdbc] (MSC service thread 1-6) WFLYJCA0018: Started Driver service with driver-name = mysql
2017-08-23 08:13:08,773 INFO  [org.jboss.as.naming] (ServerService Thread Pool -- 52) WFLYNAM0001: Activating Naming Subsystem
2017-08-23 08:13:08,784 INFO  [org.jboss.as.security] (MSC service thread 1-1) WFLYSEC0001: Current PicketBox version=4.9.4.Final
2017-08-23 08:13:08,827 INFO  [org.jboss.as.naming] (MSC service thread 1-5) WFLYNAM0003: Starting Naming Service
2017-08-23 08:13:08,833 INFO  [org.jboss.as.mail.extension] (MSC service thread 1-1) WFLYMAIL0001: Bound mail session [java:jboss/mail/Default]
2017-08-23 08:13:08,945 INFO  [org.wildfly.extension.undertow] (ServerService Thread Pool -- 61) WFLYUT0014: Creating file handler for path 'C:\wildfly-10.0.0.Final/welcome-content' with options [directory-listing: 'false', follow-symlink: 'false', case-sensitive: 'true', safe-symlink-paths: '[]']
2017-08-23 08:13:09,002 INFO  [org.jboss.as.ejb3] (MSC service thread 1-6) WFLYEJB0482: Strict pool mdb-strict-max-pool is using a max instance size of 32 (per class), which is derived from the number of CPUs on this host.
2017-08-23 08:13:09,002 INFO  [org.jboss.as.ejb3] (MSC service thread 1-2) WFLYEJB0481: Strict pool slsb-strict-max-pool is using a max instance size of 128 (per class), which is derived from thread worker pool sizing.
2017-08-23 08:13:09,404 INFO  [org.wildfly.extension.undertow] (MSC service thread 1-1) WFLYUT0012: Started server default-server.
2017-08-23 08:13:09,405 INFO  [org.wildfly.extension.undertow] (MSC service thread 1-1) WFLYUT0018: Host default-host starting
2017-08-23 08:13:09,406 INFO  [org.jboss.remoting] (MSC service thread 1-4) JBoss Remoting version 4.0.18.Final
2017-08-23 08:13:09,454 INFO  [org.wildfly.extension.undertow] (MSC service thread 1-2) WFLYUT0006: Undertow HTTP listener default listening on 127.0.0.1:8080
2017-08-23 08:13:09,542 INFO  [org.wildfly.extension.messaging-activemq] (MSC service thread 1-8) WFLYMSGAMQ0001: AIO wasn't located on this platform, it will fall back to using pure Java NIO.
2017-08-23 08:13:09,596 INFO  [org.jboss.as.server.deployment.scanner] (MSC service thread 1-3) WFLYDS0013: Started FileSystemDeploymentService for directory C:\wildfly-10.0.0.Final\standalone\deployments
2017-08-23 08:13:09,610 INFO  [org.jboss.as.server.deployment] (MSC service thread 1-8) WFLYSRV0027: Starting deployment of "casadocodigo.war" (runtime-name: "casadocodigo.war")
2017-08-23 08:13:09,658 INFO  [org.apache.activemq.artemis.core.server] (ServerService Thread Pool -- 64) AMQ221000: live Message Broker is starting with configuration Broker Configuration (clustered=false,journalDirectory=C:\wildfly-10.0.0.Final\standalone\data\activemq\journal,bindingsDirectory=C:\wildfly-10.0.0.Final\standalone\data\activemq\bindings,largeMessagesDirectory=C:\wildfly-10.0.0.Final\standalone\data\activemq\largemessages,pagingDirectory=C:\wildfly-10.0.0.Final\standalone\data\activemq\paging)
2017-08-23 08:13:09,758 INFO  [org.wildfly.iiop.openjdk] (MSC service thread 1-6) WFLYIIOP0009: CORBA ORB Service started
2017-08-23 08:13:09,763 INFO  [org.apache.activemq.artemis.core.server] (ServerService Thread Pool -- 64) AMQ221013: Using NIO Journal
2017-08-23 08:13:10,152 INFO  [org.infinispan.factories.GlobalComponentRegistry] (MSC service thread 1-2) ISPN000128: Infinispan version: Infinispan 'Mahou' 8.1.0.Final
2017-08-23 08:13:10,152 INFO  [org.infinispan.factories.GlobalComponentRegistry] (MSC service thread 1-7) ISPN000128: Infinispan version: Infinispan 'Mahou' 8.1.0.Final
2017-08-23 08:13:10,152 INFO  [org.infinispan.factories.GlobalComponentRegistry] (MSC service thread 1-5) ISPN000128: Infinispan version: Infinispan 'Mahou' 8.1.0.Final
2017-08-23 08:13:10,238 INFO  [org.jboss.ws.common.management] (MSC service thread 1-4) JBWS022052: Starting JBossWS 5.1.3.Final (Apache CXF 3.1.4) 
2017-08-23 08:13:10,239 INFO  [org.jboss.as.connector.subsystems.datasources] (MSC service thread 1-7) WFLYJCA0001: Bound data source [java:jboss/datasources/casadocodigoDS]
2017-08-23 08:13:10,240 INFO  [org.jboss.as.connector.subsystems.datasources] (MSC service thread 1-2) WFLYJCA0001: Bound data source [java:jboss/datasources/ExampleDS]
2017-08-23 08:13:10,279 INFO  [org.apache.activemq.artemis.core.server] (ServerService Thread Pool -- 64) AMQ221043: Protocol module found: [artemis-server]. Adding protocol support for: CORE
2017-08-23 08:13:10,285 INFO  [org.apache.activemq.artemis.core.server] (ServerService Thread Pool -- 64) AMQ221043: Protocol module found: [artemis-amqp-protocol]. Adding protocol support for: AMQP
2017-08-23 08:13:10,295 INFO  [org.apache.activemq.artemis.core.server] (ServerService Thread Pool -- 64) AMQ221043: Protocol module found: [artemis-hornetq-protocol]. Adding protocol support for: HORNETQ
2017-08-23 08:13:10,297 INFO  [org.apache.activemq.artemis.core.server] (ServerService Thread Pool -- 64) AMQ221043: Protocol module found: [artemis-stomp-protocol]. Adding protocol support for: STOMP
2017-08-23 08:13:10,487 INFO  [org.wildfly.extension.messaging-activemq] (MSC service thread 1-7) WFLYMSGAMQ0016: Registered HTTP upgrade for activemq-remoting protocol handled by http-acceptor-throughput acceptor
2017-08-23 08:13:10,487 INFO  [org.wildfly.extension.messaging-activemq] (MSC service thread 1-2) WFLYMSGAMQ0016: Registered HTTP upgrade for activemq-remoting protocol handled by http-acceptor acceptor
2017-08-23 08:13:10,487 INFO  [org.wildfly.extension.messaging-activemq] (MSC service thread 1-1) WFLYMSGAMQ0016: Registered HTTP upgrade for activemq-remoting protocol handled by http-acceptor-throughput acceptor
2017-08-23 08:13:10,487 INFO  [org.wildfly.extension.messaging-activemq] (MSC service thread 1-6) WFLYMSGAMQ0016: Registered HTTP upgrade for activemq-remoting protocol handled by http-acceptor acceptor
2017-08-23 08:13:10,602 INFO  [org.jboss.as.jpa] (MSC service thread 1-4) WFLYJPA0002: Read persistence.xml for casadocodigo-dev
2017-08-23 08:13:10,624 INFO  [org.apache.activemq.artemis.core.server] (ServerService Thread Pool -- 64) AMQ221007: Server is now live
2017-08-23 08:13:10,624 INFO  [org.apache.activemq.artemis.core.server] (ServerService Thread Pool -- 64) AMQ221001: Apache ActiveMQ Artemis Message Broker version 1.1.0.wildfly-011 [nodeID=59638e90-80fc-11e7-a238-eb8c275d46bf] 
2017-08-23 08:13:10,626 INFO  [org.apache.activemq.artemis.core.server] (ServerService Thread Pool -- 64) AMQ221003: trying to deploy queue jms.queue.DLQ
2017-08-23 08:13:10,657 INFO  [org.wildfly.extension.messaging-activemq] (ServerService Thread Pool -- 67) WFLYMSGAMQ0002: Bound messaging object to jndi name java:jboss/exported/jms/RemoteConnectionFactory
2017-08-23 08:13:10,658 INFO  [org.wildfly.extension.messaging-activemq] (ServerService Thread Pool -- 65) WFLYMSGAMQ0002: Bound messaging object to jndi name java:/ConnectionFactory
2017-08-23 08:13:10,658 INFO  [org.apache.activemq.artemis.core.server] (ServerService Thread Pool -- 66) AMQ221003: trying to deploy queue jms.queue.ExpiryQueue
2017-08-23 08:13:10,691 INFO  [org.jboss.as.jpa] (ServerService Thread Pool -- 66) WFLYJPA0010: Starting Persistence Unit (phase 1 of 2) Service 'casadocodigo.war#casadocodigo-dev'
2017-08-23 08:13:10,716 INFO  [org.jboss.as.connector.deployment] (MSC service thread 1-5) WFLYJCA0007: Registered connection factory java:/JmsXA
2017-08-23 08:13:10,717 INFO  [org.hibernate.jpa.internal.util.LogHelper] (ServerService Thread Pool -- 66) HHH000204: Processing PersistenceUnitInfo [
	name: casadocodigo-dev
	...]
2017-08-23 08:13:10,780 INFO  [org.apache.activemq.artemis.ra] (MSC service thread 1-5) Resource adaptor started
2017-08-23 08:13:10,781 INFO  [org.jboss.as.connector.services.resourceadapters.ResourceAdapterActivatorService$ResourceAdapterActivator] (MSC service thread 1-5) IJ020002: Deployed: file://RaActivatoractivemq-ra
2017-08-23 08:13:10,783 INFO  [org.jboss.as.connector.deployment] (MSC service thread 1-6) WFLYJCA0002: Bound JCA ConnectionFactory [java:/JmsXA]
2017-08-23 08:13:10,783 INFO  [org.wildfly.extension.messaging-activemq] (MSC service thread 1-2) WFLYMSGAMQ0002: Bound messaging object to jndi name java:jboss/DefaultJMSConnectionFactory
2017-08-23 08:13:10,814 INFO  [org.hibernate.Version] (ServerService Thread Pool -- 66) HHH000412: Hibernate Core {5.0.7.Final}
2017-08-23 08:13:10,816 INFO  [org.hibernate.cfg.Environment] (ServerService Thread Pool -- 66) HHH000206: hibernate.properties not found
2017-08-23 08:13:10,818 INFO  [org.hibernate.cfg.Environment] (ServerService Thread Pool -- 66) HHH000021: Bytecode provider name : javassist
2017-08-23 08:13:10,854 INFO  [org.hibernate.orm.deprecation] (ServerService Thread Pool -- 66) HHH90000001: Found usage of deprecated setting for specifying Scanner [hibernate.ejb.resource_scanner]; use [hibernate.archive.scanner] instead
2017-08-23 08:13:10,864 INFO  [org.hibernate.annotations.common.Version] (ServerService Thread Pool -- 66) HCANN000001: Hibernate Commons Annotations {5.0.1.Final}
2017-08-23 08:13:10,939 INFO  [org.jboss.weld.deployer] (MSC service thread 1-4) WFLYWELD0003: Processing weld deployment casadocodigo.war
2017-08-23 08:13:10,982 INFO  [org.hibernate.validator.internal.util.Version] (MSC service thread 1-4) HV000001: Hibernate Validator 5.2.3.Final
2017-08-23 08:13:11,170 INFO  [org.jboss.weld.deployer] (MSC service thread 1-5) WFLYWELD0006: Starting Services for CDI deployment: casadocodigo.war
2017-08-23 08:13:11,200 INFO  [org.jboss.weld.Version] (MSC service thread 1-5) WELD-000900: 2.3.2 (Final)
2017-08-23 08:13:11,232 INFO  [org.jboss.weld.deployer] (MSC service thread 1-5) WFLYWELD0009: Starting weld service for deployment casadocodigo.war
2017-08-23 08:13:11,362 INFO  [org.jboss.as.jpa] (ServerService Thread Pool -- 66) WFLYJPA0010: Starting Persistence Unit (phase 2 of 2) Service 'casadocodigo.war#casadocodigo-dev'
2017-08-23 08:13:11,678 INFO  [org.hibernate.dialect.Dialect] (ServerService Thread Pool -- 66) HHH000400: Using dialect: org.hibernate.dialect.MySQL5InnoDBDialect
2017-08-23 08:13:11,721 INFO  [org.hibernate.envers.boot.internal.EnversServiceImpl] (ServerService Thread Pool -- 66) Envers integration enabled? : true
2017-08-23 08:13:12,134 INFO  [org.hibernate.tool.hbm2ddl.SchemaUpdate] (ServerService Thread Pool -- 66) HHH000228: Running hbm2ddl schema update
2017-08-23 08:13:12,941 INFO  [javax.enterprise.resource.webcontainer.jsf.config] (ServerService Thread Pool -- 68) Inicializando Mojarra 2.2.12-jbossorg-2 20150729-1131 para o contexto '/casadocodigo'
2017-08-23 08:13:13,767 INFO  [org.jboss.resteasy.resteasy_jaxrs.i18n] (ServerService Thread Pool -- 68) RESTEASY002225: Deploying javax.ws.rs.core.Application: class br.com.casadocodigo.loja.config.JaxRsConfiguration$Proxy$_$$_WeldClientProxy
2017-08-23 08:13:13,816 INFO  [org.wildfly.extension.undertow] (ServerService Thread Pool -- 68) WFLYUT0021: Registered web context: /casadocodigo
2017-08-23 08:13:13,846 INFO  [org.jboss.as.server] (ServerService Thread Pool -- 37) WFLYSRV0010: Deployed "casadocodigo.war" (runtime-name : "casadocodigo.war")
2017-08-23 08:13:13,983 INFO  [org.jboss.as] (Controller Boot Thread) WFLYSRV0060: Http management interface listening on http://127.0.0.1:9990/management
2017-08-23 08:13:13,984 INFO  [org.jboss.as] (Controller Boot Thread) WFLYSRV0051: Admin console listening on http://127.0.0.1:9990
2017-08-23 08:13:13,985 INFO  [org.jboss.as] (Controller Boot Thread) WFLYSRV0025: WildFly Full 10.0.0.Final (WildFly Core 2.0.10.Final) started in 7181ms - Started 412 of 700 services (398 services are lazy, passive or on-demand)
2017-08-23 08:22:26,256 INFO  [org.jboss.modules] (main) JBoss Modules version 1.5.1.Final
2017-08-23 08:22:26,448 INFO  [org.jboss.msc] (main) JBoss MSC version 1.2.6.Final
2017-08-23 08:22:26,521 INFO  [org.jboss.as] (MSC service thread 1-6) WFLYSRV0049: WildFly Full 10.0.0.Final (WildFly Core 2.0.10.Final) starting
2017-08-23 08:22:26,522 DEBUG [org.jboss.as.config] (MSC service thread 1-6) Configured system properties:
	awt.toolkit = sun.awt.windows.WToolkit
	file.encoding = Cp1252
	file.encoding.pkg = sun.io
	file.separator = \
	java.awt.graphicsenv = sun.awt.Win32GraphicsEnvironment
	java.awt.headless = true
	java.awt.printerjob = sun.awt.windows.WPrinterJob
	java.class.path = C:\wildfly-10.0.0.Final\jboss-modules.jar
	java.class.version = 52.0
	java.endorsed.dirs = C:\Program Files\Java\jre1.8.0_141\lib\endorsed
	java.ext.dirs = C:\Program Files\Java\jre1.8.0_141\lib\ext;C:\WINDOWS\Sun\Java\lib\ext
	java.home = C:\Program Files\Java\jre1.8.0_141
	java.io.tmpdir = C:\Users\USER\AppData\Local\Temp\
	java.library.path = C:\Program Files\Java\jre1.8.0_141\bin;C:\WINDOWS\Sun\Java\bin;C:\WINDOWS\system32;C:\WINDOWS;native;C:/Program Files/Java/jre1.8.0_141/bin/server;C:/Program Files/Java/jre1.8.0_141/bin;C:/Program Files/Java/jre1.8.0_141/lib/amd64;C:\Program Files\ImageMagick-7.0.4-Q8;C:\Program Files\ImageMagick-7.0.4-Q16;C:\Users\USER\AppData\Local\Programs\Python\Python36;C:\Users\USER\AppData\Local\Programs\Python\Python36\Scripts;C:\ProgramData\Oracle\Java\javapath;C:\WINDOWS\system32;C:\WINDOWS;C:\WINDOWS\System32\Wbem;C:\WINDOWS\System32\WindowsPowerShell\v1.0\;C:\WINDOWS\system32\config\systemprofile\.dnx\bin;C:\Program Files\Microsoft DNX\Dnvm\;C:\Program Files\Microsoft SQL Server\130\Tools\Binn\;C:\Program Files\Microsoft SQL Server\120\DTS\Binn\;C:\Program Files\Microsoft SQL Server\Client SDK\ODBC\110\Tools\Binn\;C:\Program Files (x86)\Microsoft SQL Server\120\Tools\Binn\;C:\Program Files\Microsoft SQL Server\120\Tools\Binn\;C:\Program Files (x86)\Microsoft SQL Server\120\Tools\Binn\ManagementStudio\;C:\Program Files (x86)\Microsoft SQL Server\120\DTS\Binn\;C:\Program Files\Git\cmd;D:\TDM-GCC-64\bin;C:\TDM-GCC-64\bin;C:\Program Files\Java\jdk1.7.0_51;C:\Program Files (x86)\Brackets\command;C:\Program Files (x86)\Skype\Phone\;C:\PDFtk\bin\;C:\PDFtk Server\bin\;C:\Program Files\MySQL\MySQL Utilities 1.6\;C:\Program Files (x86)\Yarn\bin;C:\ProgramData\chocolatey\bin;C:\Program Files\nodejs\;C:\Program Files (x86)\Git Cola\bin;C:\Users\USER\AppData\Local\Programs\Python\Python36\Scripts\;C:\Users\USER\AppData\Local\Programs\Python\Python36\;C:\Program Files (x86)\Microsoft VS Code\bin;C:\Users\USER\AppData\Local\Yarn\bin;C:\Users\USER\AppData\Roaming\npm;C:\eclipse;;.
	java.net.preferIPv4Stack = true
	java.runtime.name = Java(TM) SE Runtime Environment
	java.runtime.version = 1.8.0_141-b15
	java.specification.name = Java Platform API Specification
	java.specification.vendor = Oracle Corporation
	java.specification.version = 1.8
	java.util.logging.manager = org.jboss.logmanager.LogManager
	java.vendor = Oracle Corporation
	java.vendor.url = http://java.oracle.com/
	java.vendor.url.bug = http://bugreport.sun.com/bugreport/
	java.version = 1.8.0_141
	java.vm.info = mixed mode
	java.vm.name = Java HotSpot(TM) 64-Bit Server VM
	java.vm.specification.name = Java Virtual Machine Specification
	java.vm.specification.vendor = Oracle Corporation
	java.vm.specification.version = 1.8
	java.vm.vendor = Oracle Corporation
	java.vm.version = 25.141-b15
	javax.management.builder.initial = org.jboss.as.jmx.PluggableMBeanServerBuilder
	javax.xml.datatype.DatatypeFactory = __redirected.__DatatypeFactory
	javax.xml.parsers.DocumentBuilderFactory = __redirected.__DocumentBuilderFactory
	javax.xml.parsers.SAXParserFactory = __redirected.__SAXParserFactory
	javax.xml.stream.XMLEventFactory = __redirected.__XMLEventFactory
	javax.xml.stream.XMLInputFactory = __redirected.__XMLInputFactory
	javax.xml.stream.XMLOutputFactory = __redirected.__XMLOutputFactory
	javax.xml.transform.TransformerFactory = __redirected.__TransformerFactory
	javax.xml.validation.SchemaFactory:http://www.w3.org/2001/XMLSchema = __redirected.__SchemaFactory
	javax.xml.xpath.XPathFactory:http://java.sun.com/jaxp/xpath/dom = __redirected.__XPathFactory
	jboss.bind.address = localhost
	jboss.bind.address.management = localhost
	jboss.home.dir = C:\wildfly-10.0.0.Final
	jboss.host.name = notedev
	jboss.modules.dir = C:\wildfly-10.0.0.Final\modules
	jboss.modules.system.pkgs = org.jboss.byteman
	jboss.node.name = notedev
	jboss.qualified.host.name = notedev
	jboss.server.base.dir = C:\wildfly-10.0.0.Final\standalone
	jboss.server.config.dir = C:\wildfly-10.0.0.Final\standalone\configuration
	jboss.server.data.dir = C:\wildfly-10.0.0.Final\standalone\data
	jboss.server.deploy.dir = C:\wildfly-10.0.0.Final\standalone\data\content
	jboss.server.log.dir = C:\wildfly-10.0.0.Final\standalone\log
	jboss.server.name = notedev
	jboss.server.persist.config = true
	jboss.server.temp.dir = C:\wildfly-10.0.0.Final\standalone\tmp
	line.separator = 

	logging.configuration = file:/C:/wildfly-10.0.0.Final/standalone/configuration/logging.properties
	module.path = C:/wildfly-10.0.0.Final/modules
	org.jboss.boot.log.file = C:/wildfly-10.0.0.Final/standalone/log/boot.log
	org.jboss.logmanager.nocolor = true
	org.jboss.resolver.warning = true
	org.xml.sax.driver = __redirected.__XMLReaderFactory
	os.arch = amd64
	os.name = Windows 10
	os.version = 10.0
	path.separator = ;
	program.name = JBossTools: WildFly 10.x
	sun.arch.data.model = 64
	sun.boot.class.path = C:\Program Files\Java\jre1.8.0_141\lib\resources.jar;C:\Program Files\Java\jre1.8.0_141\lib\rt.jar;C:\Program Files\Java\jre1.8.0_141\lib\sunrsasign.jar;C:\Program Files\Java\jre1.8.0_141\lib\jsse.jar;C:\Program Files\Java\jre1.8.0_141\lib\jce.jar;C:\Program Files\Java\jre1.8.0_141\lib\charsets.jar;C:\Program Files\Java\jre1.8.0_141\lib\jfr.jar;C:\Program Files\Java\jre1.8.0_141\classes
	sun.boot.library.path = C:\Program Files\Java\jre1.8.0_141\bin
	sun.cpu.endian = little
	sun.cpu.isalist = amd64
	sun.desktop = windows
	sun.io.unicode.encoding = UnicodeLittle
	sun.java.command = org.jboss.modules.Main -mp C:/wildfly-10.0.0.Final/modules org.jboss.as.standalone -b localhost --server-config=standalone-full.xml -Djboss.server.base.dir=C:\wildfly-10.0.0.Final\standalone
	sun.java.launcher = SUN_STANDARD
	sun.jnu.encoding = Cp1252
	sun.management.compiler = HotSpot 64-Bit Tiered Compilers
	sun.os.patch.level = 
	sun.rmi.dgc.client.gcInterval = 3600000
	sun.rmi.dgc.server.gcInterval = 3600000
	user.country = BR
	user.dir = C:\wildfly-10.0.0.Final\bin
	user.home = C:\Users\USER
	user.language = pt
	user.name = USER
	user.script = 
	user.timezone = America/Cuiaba
	user.variant = 
2017-08-23 08:22:26,523 DEBUG [org.jboss.as.config] (MSC service thread 1-6) VM Arguments: -Dprogram.name=JBossTools: WildFly 10.x -Xms64m -Xmx512m -Dorg.jboss.resolver.warning=true -Djava.net.preferIPv4Stack=true -Dsun.rmi.dgc.client.gcInterval=3600000 -Dsun.rmi.dgc.server.gcInterval=3600000 -Djboss.modules.system.pkgs=org.jboss.byteman -Djava.awt.headless=true -Dorg.jboss.boot.log.file=C:/wildfly-10.0.0.Final/standalone/log/boot.log -Dlogging.configuration=file:/C:/wildfly-10.0.0.Final/standalone/configuration/logging.properties -Djboss.home.dir=C:/wildfly-10.0.0.Final -Dorg.jboss.logmanager.nocolor=true -Djboss.bind.address.management=localhost -Dfile.encoding=Cp1252 
2017-08-23 08:22:27,555 INFO  [org.jboss.as.server.deployment.scanner] (DeploymentScanner-threads - 1) WFLYDS0004: Found casadocodigo.war in deployment directory. To trigger deployment create a file called casadocodigo.war.dodeploy
2017-08-23 08:22:27,595 INFO  [org.jboss.as.server] (Controller Boot Thread) WFLYSRV0039: Creating http management service using socket-binding (management-http)
2017-08-23 08:22:27,614 INFO  [org.xnio] (MSC service thread 1-4) XNIO version 3.3.4.Final
2017-08-23 08:22:27,624 INFO  [org.xnio.nio] (MSC service thread 1-4) XNIO NIO Implementation Version 3.3.4.Final
2017-08-23 08:22:27,693 INFO  [org.jboss.as.naming] (ServerService Thread Pool -- 52) WFLYNAM0001: Activating Naming Subsystem
2017-08-23 08:22:27,700 INFO  [org.wildfly.extension.io] (ServerService Thread Pool -- 40) WFLYIO001: Worker 'default' has auto-configured to 16 core threads with 128 task threads based on your 8 available processors
2017-08-23 08:22:27,701 WARN  [org.jboss.as.txn] (ServerService Thread Pool -- 60) WFLYTX0013: Node identifier property is set to the default value. Please make sure it is unique.
2017-08-23 08:22:27,703 INFO  [org.jboss.as.clustering.infinispan] (ServerService Thread Pool -- 41) WFLYCLINF0001: Activating Infinispan subsystem.
2017-08-23 08:22:27,715 INFO  [org.wildfly.iiop.openjdk] (ServerService Thread Pool -- 42) WFLYIIOP0001: Activating IIOP Subsystem
2017-08-23 08:22:27,845 INFO  [org.jboss.as.connector] (MSC service thread 1-2) WFLYJCA0009: Starting JCA Subsystem (WildFly/IronJacamar 1.3.2.Final)
2017-08-23 08:22:27,852 INFO  [org.jboss.as.jsf] (ServerService Thread Pool -- 48) WFLYJSF0007: Activated the following JSF Implementations: [main]
2017-08-23 08:22:27,853 INFO  [org.jboss.as.security] (ServerService Thread Pool -- 59) WFLYSEC0002: Activating Security Subsystem
2017-08-23 08:22:27,854 INFO  [org.jboss.as.webservices] (ServerService Thread Pool -- 62) WFLYWS0002: Activating WebServices Extension
2017-08-23 08:22:27,872 INFO  [org.jboss.as.security] (MSC service thread 1-6) WFLYSEC0001: Current PicketBox version=4.9.4.Final
2017-08-23 08:22:27,889 INFO  [org.wildfly.extension.undertow] (MSC service thread 1-5) WFLYUT0003: Undertow 1.3.15.Final starting
2017-08-23 08:22:27,890 INFO  [org.wildfly.extension.undertow] (ServerService Thread Pool -- 61) WFLYUT0003: Undertow 1.3.15.Final starting
2017-08-23 08:22:27,922 INFO  [org.jboss.as.connector.subsystems.datasources] (ServerService Thread Pool -- 36) WFLYJCA0004: Deploying JDBC-compliant driver class org.h2.Driver (version 1.3)
2017-08-23 08:22:27,925 INFO  [org.jboss.as.connector.deployers.jdbc] (MSC service thread 1-5) WFLYJCA0018: Started Driver service with driver-name = h2
2017-08-23 08:22:27,939 INFO  [org.jboss.as.connector.subsystems.datasources] (ServerService Thread Pool -- 36) WFLYJCA0005: Deploying non-JDBC-compliant driver class com.mysql.jdbc.Driver (version 5.1)
2017-08-23 08:22:27,940 INFO  [org.jboss.as.connector.deployers.jdbc] (MSC service thread 1-1) WFLYJCA0018: Started Driver service with driver-name = mysql
2017-08-23 08:22:27,941 INFO  [org.jboss.as.naming] (MSC service thread 1-2) WFLYNAM0003: Starting Naming Service
2017-08-23 08:22:27,941 INFO  [org.jboss.as.mail.extension] (MSC service thread 1-1) WFLYMAIL0001: Bound mail session [java:jboss/mail/Default]
2017-08-23 08:22:28,044 INFO  [org.wildfly.extension.undertow] (ServerService Thread Pool -- 61) WFLYUT0014: Creating file handler for path 'C:\wildfly-10.0.0.Final/welcome-content' with options [directory-listing: 'false', follow-symlink: 'false', case-sensitive: 'true', safe-symlink-paths: '[]']
2017-08-23 08:22:28,090 INFO  [org.jboss.as.ejb3] (MSC service thread 1-6) WFLYEJB0481: Strict pool slsb-strict-max-pool is using a max instance size of 128 (per class), which is derived from thread worker pool sizing.
2017-08-23 08:22:28,092 INFO  [org.jboss.as.ejb3] (MSC service thread 1-2) WFLYEJB0482: Strict pool mdb-strict-max-pool is using a max instance size of 32 (per class), which is derived from the number of CPUs on this host.
2017-08-23 08:22:28,467 INFO  [org.wildfly.extension.undertow] (MSC service thread 1-5) WFLYUT0012: Started server default-server.
2017-08-23 08:22:28,469 INFO  [org.wildfly.extension.undertow] (MSC service thread 1-3) WFLYUT0018: Host default-host starting
2017-08-23 08:22:28,471 INFO  [org.jboss.remoting] (MSC service thread 1-4) JBoss Remoting version 4.0.18.Final
2017-08-23 08:22:28,516 INFO  [org.wildfly.extension.undertow] (MSC service thread 1-5) WFLYUT0006: Undertow HTTP listener default listening on 127.0.0.1:8080
2017-08-23 08:22:28,590 INFO  [org.wildfly.extension.messaging-activemq] (MSC service thread 1-1) WFLYMSGAMQ0001: AIO wasn't located on this platform, it will fall back to using pure Java NIO.
2017-08-23 08:22:28,640 INFO  [org.jboss.as.server.deployment.scanner] (MSC service thread 1-5) WFLYDS0013: Started FileSystemDeploymentService for directory C:\wildfly-10.0.0.Final\standalone\deployments
2017-08-23 08:22:28,650 INFO  [org.jboss.as.server.deployment] (MSC service thread 1-1) WFLYSRV0027: Starting deployment of "casadocodigo.war" (runtime-name: "casadocodigo.war")
2017-08-23 08:22:28,736 INFO  [org.apache.activemq.artemis.core.server] (ServerService Thread Pool -- 64) AMQ221000: live Message Broker is starting with configuration Broker Configuration (clustered=false,journalDirectory=C:\wildfly-10.0.0.Final\standalone\data\activemq\journal,bindingsDirectory=C:\wildfly-10.0.0.Final\standalone\data\activemq\bindings,largeMessagesDirectory=C:\wildfly-10.0.0.Final\standalone\data\activemq\largemessages,pagingDirectory=C:\wildfly-10.0.0.Final\standalone\data\activemq\paging)
2017-08-23 08:22:28,741 INFO  [org.wildfly.iiop.openjdk] (MSC service thread 1-8) WFLYIIOP0009: CORBA ORB Service started
2017-08-23 08:22:28,787 INFO  [org.apache.activemq.artemis.core.server] (ServerService Thread Pool -- 64) AMQ221013: Using NIO Journal
2017-08-23 08:22:28,835 INFO  [org.infinispan.factories.GlobalComponentRegistry] (MSC service thread 1-4) ISPN000128: Infinispan version: Infinispan 'Mahou' 8.1.0.Final
2017-08-23 08:22:29,166 INFO  [org.jboss.as.connector.subsystems.datasources] (MSC service thread 1-1) WFLYJCA0001: Bound data source [java:jboss/datasources/casadocodigoDS]
2017-08-23 08:22:29,166 INFO  [org.jboss.as.connector.subsystems.datasources] (MSC service thread 1-6) WFLYJCA0001: Bound data source [java:jboss/datasources/ExampleDS]
2017-08-23 08:22:29,195 INFO  [org.jboss.ws.common.management] (MSC service thread 1-3) JBWS022052: Starting JBossWS 5.1.3.Final (Apache CXF 3.1.4) 
2017-08-23 08:22:29,259 INFO  [org.apache.activemq.artemis.core.server] (ServerService Thread Pool -- 64) AMQ221043: Protocol module found: [artemis-server]. Adding protocol support for: CORE
2017-08-23 08:22:29,266 INFO  [org.apache.activemq.artemis.core.server] (ServerService Thread Pool -- 64) AMQ221043: Protocol module found: [artemis-amqp-protocol]. Adding protocol support for: AMQP
2017-08-23 08:22:29,281 INFO  [org.apache.activemq.artemis.core.server] (ServerService Thread Pool -- 64) AMQ221043: Protocol module found: [artemis-hornetq-protocol]. Adding protocol support for: HORNETQ
2017-08-23 08:22:29,283 INFO  [org.apache.activemq.artemis.core.server] (ServerService Thread Pool -- 64) AMQ221043: Protocol module found: [artemis-stomp-protocol]. Adding protocol support for: STOMP
2017-08-23 08:22:29,507 INFO  [org.wildfly.extension.messaging-activemq] (MSC service thread 1-1) WFLYMSGAMQ0016: Registered HTTP upgrade for activemq-remoting protocol handled by http-acceptor acceptor
2017-08-23 08:22:29,507 INFO  [org.wildfly.extension.messaging-activemq] (MSC service thread 1-8) WFLYMSGAMQ0016: Registered HTTP upgrade for activemq-remoting protocol handled by http-acceptor acceptor
2017-08-23 08:22:29,507 INFO  [org.wildfly.extension.messaging-activemq] (MSC service thread 1-2) WFLYMSGAMQ0016: Registered HTTP upgrade for activemq-remoting protocol handled by http-acceptor-throughput acceptor
2017-08-23 08:22:29,507 INFO  [org.wildfly.extension.messaging-activemq] (MSC service thread 1-6) WFLYMSGAMQ0016: Registered HTTP upgrade for activemq-remoting protocol handled by http-acceptor-throughput acceptor
2017-08-23 08:22:29,570 INFO  [org.jboss.as.jpa] (MSC service thread 1-5) WFLYJPA0002: Read persistence.xml for casadocodigo-dev
2017-08-23 08:22:29,590 INFO  [org.apache.activemq.artemis.core.server] (ServerService Thread Pool -- 64) AMQ221007: Server is now live
2017-08-23 08:22:29,591 INFO  [org.apache.activemq.artemis.core.server] (ServerService Thread Pool -- 64) AMQ221001: Apache ActiveMQ Artemis Message Broker version 1.1.0.wildfly-011 [nodeID=59638e90-80fc-11e7-a238-eb8c275d46bf] 
2017-08-23 08:22:29,609 INFO  [org.wildfly.extension.messaging-activemq] (ServerService Thread Pool -- 66) WFLYMSGAMQ0002: Bound messaging object to jndi name java:/ConnectionFactory
2017-08-23 08:22:29,618 INFO  [org.apache.activemq.artemis.core.server] (ServerService Thread Pool -- 67) AMQ221003: trying to deploy queue jms.queue.DLQ
2017-08-23 08:22:29,625 INFO  [org.wildfly.extension.messaging-activemq] (ServerService Thread Pool -- 64) WFLYMSGAMQ0002: Bound messaging object to jndi name java:jboss/exported/jms/RemoteConnectionFactory
2017-08-23 08:22:29,625 INFO  [org.apache.activemq.artemis.core.server] (ServerService Thread Pool -- 65) AMQ221003: trying to deploy queue jms.queue.ExpiryQueue
2017-08-23 08:22:29,665 INFO  [org.jboss.as.jpa] (ServerService Thread Pool -- 65) WFLYJPA0010: Starting Persistence Unit (phase 1 of 2) Service 'casadocodigo.war#casadocodigo-dev'
2017-08-23 08:22:29,683 INFO  [org.jboss.as.connector.deployment] (MSC service thread 1-8) WFLYJCA0007: Registered connection factory java:/JmsXA
2017-08-23 08:22:29,692 INFO  [org.hibernate.jpa.internal.util.LogHelper] (ServerService Thread Pool -- 65) HHH000204: Processing PersistenceUnitInfo [
	name: casadocodigo-dev
	...]
2017-08-23 08:22:29,737 INFO  [org.apache.activemq.artemis.ra] (MSC service thread 1-8) Resource adaptor started
2017-08-23 08:22:29,738 INFO  [org.jboss.as.connector.services.resourceadapters.ResourceAdapterActivatorService$ResourceAdapterActivator] (MSC service thread 1-8) IJ020002: Deployed: file://RaActivatoractivemq-ra
2017-08-23 08:22:29,740 INFO  [org.jboss.as.connector.deployment] (MSC service thread 1-8) WFLYJCA0002: Bound JCA ConnectionFactory [java:/JmsXA]
2017-08-23 08:22:29,740 INFO  [org.wildfly.extension.messaging-activemq] (MSC service thread 1-1) WFLYMSGAMQ0002: Bound messaging object to jndi name java:jboss/DefaultJMSConnectionFactory
2017-08-23 08:22:29,784 INFO  [org.hibernate.Version] (ServerService Thread Pool -- 65) HHH000412: Hibernate Core {5.0.7.Final}
2017-08-23 08:22:29,786 INFO  [org.hibernate.cfg.Environment] (ServerService Thread Pool -- 65) HHH000206: hibernate.properties not found
2017-08-23 08:22:29,788 INFO  [org.hibernate.cfg.Environment] (ServerService Thread Pool -- 65) HHH000021: Bytecode provider name : javassist
2017-08-23 08:22:29,825 INFO  [org.hibernate.orm.deprecation] (ServerService Thread Pool -- 65) HHH90000001: Found usage of deprecated setting for specifying Scanner [hibernate.ejb.resource_scanner]; use [hibernate.archive.scanner] instead
2017-08-23 08:22:29,836 INFO  [org.hibernate.annotations.common.Version] (ServerService Thread Pool -- 65) HCANN000001: Hibernate Commons Annotations {5.0.1.Final}
2017-08-23 08:22:29,913 INFO  [org.jboss.weld.deployer] (MSC service thread 1-5) WFLYWELD0003: Processing weld deployment casadocodigo.war
2017-08-23 08:22:29,973 INFO  [org.hibernate.validator.internal.util.Version] (MSC service thread 1-5) HV000001: Hibernate Validator 5.2.3.Final
2017-08-23 08:22:30,183 INFO  [org.jboss.weld.deployer] (MSC service thread 1-3) WFLYWELD0006: Starting Services for CDI deployment: casadocodigo.war
2017-08-23 08:22:30,213 INFO  [org.jboss.weld.Version] (MSC service thread 1-3) WELD-000900: 2.3.2 (Final)
2017-08-23 08:22:30,252 INFO  [org.jboss.weld.deployer] (MSC service thread 1-6) WFLYWELD0009: Starting weld service for deployment casadocodigo.war
2017-08-23 08:22:30,423 INFO  [org.jboss.as.jpa] (ServerService Thread Pool -- 65) WFLYJPA0010: Starting Persistence Unit (phase 2 of 2) Service 'casadocodigo.war#casadocodigo-dev'
2017-08-23 08:22:30,749 INFO  [org.hibernate.dialect.Dialect] (ServerService Thread Pool -- 65) HHH000400: Using dialect: org.hibernate.dialect.MySQL5InnoDBDialect
2017-08-23 08:22:30,789 INFO  [org.hibernate.envers.boot.internal.EnversServiceImpl] (ServerService Thread Pool -- 65) Envers integration enabled? : true
2017-08-23 08:22:31,186 INFO  [org.hibernate.tool.hbm2ddl.SchemaUpdate] (ServerService Thread Pool -- 65) HHH000228: Running hbm2ddl schema update
2017-08-23 08:22:31,896 INFO  [javax.enterprise.resource.webcontainer.jsf.config] (ServerService Thread Pool -- 66) Inicializando Mojarra 2.2.12-jbossorg-2 20150729-1131 para o contexto '/casadocodigo'
2017-08-23 08:22:32,771 INFO  [org.jboss.resteasy.resteasy_jaxrs.i18n] (ServerService Thread Pool -- 66) RESTEASY002225: Deploying javax.ws.rs.core.Application: class br.com.casadocodigo.loja.config.JaxRsConfiguration$Proxy$_$$_WeldClientProxy
2017-08-23 08:22:32,819 INFO  [org.wildfly.extension.undertow] (ServerService Thread Pool -- 66) WFLYUT0021: Registered web context: /casadocodigo
2017-08-23 08:22:32,850 INFO  [org.jboss.as.server] (ServerService Thread Pool -- 37) WFLYSRV0010: Deployed "casadocodigo.war" (runtime-name : "casadocodigo.war")
2017-08-23 08:22:32,968 INFO  [org.jboss.as] (Controller Boot Thread) WFLYSRV0060: Http management interface listening on http://127.0.0.1:9990/management
2017-08-23 08:22:32,968 INFO  [org.jboss.as] (Controller Boot Thread) WFLYSRV0051: Admin console listening on http://127.0.0.1:9990
2017-08-23 08:22:32,969 INFO  [org.jboss.as] (Controller Boot Thread) WFLYSRV0025: WildFly Full 10.0.0.Final (WildFly Core 2.0.10.Final) started in 7160ms - Started 412 of 700 services (398 services are lazy, passive or on-demand)
2017-08-23 08:22:38,320 INFO  [stdout] (default task-2) Hibernate: 
2017-08-23 08:22:38,320 INFO  [stdout] (default task-2)     insert 
2017-08-23 08:22:38,320 INFO  [stdout] (default task-2)     into
2017-08-23 08:22:38,320 INFO  [stdout] (default task-2)         Livro
2017-08-23 08:22:38,320 INFO  [stdout] (default task-2)         (descricao, numeroPaginas, preco, titulo) 
2017-08-23 08:22:38,321 INFO  [stdout] (default task-2)     values
2017-08-23 08:22:38,321 INFO  [stdout] (default task-2)         (?, ?, ?, ?)
2017-08-23 08:22:38,364 INFO  [stdout] (default task-2) Hibernate: 
2017-08-23 08:22:38,365 INFO  [stdout] (default task-2)     insert 
2017-08-23 08:22:38,365 INFO  [stdout] (default task-2)     into
2017-08-23 08:22:38,365 INFO  [stdout] (default task-2)         Livro_Autor
2017-08-23 08:22:38,365 INFO  [stdout] (default task-2)         (Livro_id, autores_id) 
2017-08-23 08:22:38,365 INFO  [stdout] (default task-2)     values
2017-08-23 08:22:38,365 INFO  [stdout] (default task-2)         (?, ?)
2017-08-23 08:22:44,043 INFO  [org.hibernate.hql.internal.QueryTranslatorFactoryInitiator] (default task-3) HHH000397: Using ASTQueryTranslatorFactory
2017-08-23 08:22:44,126 INFO  [stdout] (default task-3) Hibernate: 
2017-08-23 08:22:44,126 INFO  [stdout] (default task-3)     select
2017-08-23 08:22:44,126 INFO  [stdout] (default task-3)         distinct livro0_.id as id1_1_0_,
2017-08-23 08:22:44,126 INFO  [stdout] (default task-3)         autor2_.id as id1_0_1_,
2017-08-23 08:22:44,127 INFO  [stdout] (default task-3)         livro0_.descricao as descrica2_1_0_,
2017-08-23 08:22:44,127 INFO  [stdout] (default task-3)         livro0_.numeroPaginas as numeroPa3_1_0_,
2017-08-23 08:22:44,127 INFO  [stdout] (default task-3)         livro0_.preco as preco4_1_0_,
2017-08-23 08:22:44,127 INFO  [stdout] (default task-3)         livro0_.titulo as titulo5_1_0_,
2017-08-23 08:22:44,127 INFO  [stdout] (default task-3)         autor2_.nome as nome2_0_1_,
2017-08-23 08:22:44,127 INFO  [stdout] (default task-3)         autores1_.Livro_id as Livro_id1_2_0__,
2017-08-23 08:22:44,127 INFO  [stdout] (default task-3)         autores1_.autores_id as autores_2_2_0__ 
2017-08-23 08:22:44,127 INFO  [stdout] (default task-3)     from
2017-08-23 08:22:44,127 INFO  [stdout] (default task-3)         Livro livro0_ 
2017-08-23 08:22:44,127 INFO  [stdout] (default task-3)     inner join
2017-08-23 08:22:44,127 INFO  [stdout] (default task-3)         Livro_Autor autores1_ 
2017-08-23 08:22:44,127 INFO  [stdout] (default task-3)             on livro0_.id=autores1_.Livro_id 
2017-08-23 08:22:44,128 INFO  [stdout] (default task-3)     inner join
2017-08-23 08:22:44,128 INFO  [stdout] (default task-3)         Autor autor2_ 
2017-08-23 08:22:44,128 INFO  [stdout] (default task-3)             on autores1_.autores_id=autor2_.id
2017-08-23 08:24:07,089 INFO  [stdout] (default task-4) Hibernate: 
2017-08-23 08:24:07,090 INFO  [stdout] (default task-4)     select
2017-08-23 08:24:07,090 INFO  [stdout] (default task-4)         distinct livro0_.id as id1_1_0_,
2017-08-23 08:24:07,090 INFO  [stdout] (default task-4)         autor2_.id as id1_0_1_,
2017-08-23 08:24:07,090 INFO  [stdout] (default task-4)         livro0_.descricao as descrica2_1_0_,
2017-08-23 08:24:07,090 INFO  [stdout] (default task-4)         livro0_.numeroPaginas as numeroPa3_1_0_,
2017-08-23 08:24:07,090 INFO  [stdout] (default task-4)         livro0_.preco as preco4_1_0_,
2017-08-23 08:24:07,090 INFO  [stdout] (default task-4)         livro0_.titulo as titulo5_1_0_,
2017-08-23 08:24:07,090 INFO  [stdout] (default task-4)         autor2_.nome as nome2_0_1_,
2017-08-23 08:24:07,090 INFO  [stdout] (default task-4)         autores1_.Livro_id as Livro_id1_2_0__,
2017-08-23 08:24:07,091 INFO  [stdout] (default task-4)         autores1_.autores_id as autores_2_2_0__ 
2017-08-23 08:24:07,091 INFO  [stdout] (default task-4)     from
2017-08-23 08:24:07,091 INFO  [stdout] (default task-4)         Livro livro0_ 
2017-08-23 08:24:07,091 INFO  [stdout] (default task-4)     inner join
2017-08-23 08:24:07,091 INFO  [stdout] (default task-4)         Livro_Autor autores1_ 
2017-08-23 08:24:07,091 INFO  [stdout] (default task-4)             on livro0_.id=autores1_.Livro_id 
2017-08-23 08:24:07,091 INFO  [stdout] (default task-4)     inner join
2017-08-23 08:24:07,091 INFO  [stdout] (default task-4)         Autor autor2_ 
2017-08-23 08:24:07,091 INFO  [stdout] (default task-4)             on autores1_.autores_id=autor2_.id
2017-08-23 08:24:08,137 INFO  [stdout] (default task-5) Hibernate: 
2017-08-23 08:24:08,138 INFO  [stdout] (default task-5)     select
2017-08-23 08:24:08,138 INFO  [stdout] (default task-5)         distinct livro0_.id as id1_1_0_,
2017-08-23 08:24:08,138 INFO  [stdout] (default task-5)         autor2_.id as id1_0_1_,
2017-08-23 08:24:08,138 INFO  [stdout] (default task-5)         livro0_.descricao as descrica2_1_0_,
2017-08-23 08:24:08,138 INFO  [stdout] (default task-5)         livro0_.numeroPaginas as numeroPa3_1_0_,
2017-08-23 08:24:08,138 INFO  [stdout] (default task-5)         livro0_.preco as preco4_1_0_,
2017-08-23 08:24:08,138 INFO  [stdout] (default task-5)         livro0_.titulo as titulo5_1_0_,
2017-08-23 08:24:08,138 INFO  [stdout] (default task-5)         autor2_.nome as nome2_0_1_,
2017-08-23 08:24:08,138 INFO  [stdout] (default task-5)         autores1_.Livro_id as Livro_id1_2_0__,
2017-08-23 08:24:08,138 INFO  [stdout] (default task-5)         autores1_.autores_id as autores_2_2_0__ 
2017-08-23 08:24:08,138 INFO  [stdout] (default task-5)     from
2017-08-23 08:24:08,138 INFO  [stdout] (default task-5)         Livro livro0_ 
2017-08-23 08:24:08,138 INFO  [stdout] (default task-5)     inner join
2017-08-23 08:24:08,138 INFO  [stdout] (default task-5)         Livro_Autor autores1_ 
2017-08-23 08:24:08,139 INFO  [stdout] (default task-5)             on livro0_.id=autores1_.Livro_id 
2017-08-23 08:24:08,139 INFO  [stdout] (default task-5)     inner join
2017-08-23 08:24:08,139 INFO  [stdout] (default task-5)         Autor autor2_ 
2017-08-23 08:24:08,139 INFO  [stdout] (default task-5)             on autores1_.autores_id=autor2_.id
2017-08-23 08:24:08,678 INFO  [stdout] (default task-6) Hibernate: 
2017-08-23 08:24:08,678 INFO  [stdout] (default task-6)     select
2017-08-23 08:24:08,678 INFO  [stdout] (default task-6)         distinct livro0_.id as id1_1_0_,
2017-08-23 08:24:08,678 INFO  [stdout] (default task-6)         autor2_.id as id1_0_1_,
2017-08-23 08:24:08,678 INFO  [stdout] (default task-6)         livro0_.descricao as descrica2_1_0_,
2017-08-23 08:24:08,678 INFO  [stdout] (default task-6)         livro0_.numeroPaginas as numeroPa3_1_0_,
2017-08-23 08:24:08,679 INFO  [stdout] (default task-6)         livro0_.preco as preco4_1_0_,
2017-08-23 08:24:08,679 INFO  [stdout] (default task-6)         livro0_.titulo as titulo5_1_0_,
2017-08-23 08:24:08,679 INFO  [stdout] (default task-6)         autor2_.nome as nome2_0_1_,
2017-08-23 08:24:08,679 INFO  [stdout] (default task-6)         autores1_.Livro_id as Livro_id1_2_0__,
2017-08-23 08:24:08,679 INFO  [stdout] (default task-6)         autores1_.autores_id as autores_2_2_0__ 
2017-08-23 08:24:08,679 INFO  [stdout] (default task-6)     from
2017-08-23 08:24:08,679 INFO  [stdout] (default task-6)         Livro livro0_ 
2017-08-23 08:24:08,679 INFO  [stdout] (default task-6)     inner join
2017-08-23 08:24:08,679 INFO  [stdout] (default task-6)         Livro_Autor autores1_ 
2017-08-23 08:24:08,679 INFO  [stdout] (default task-6)             on livro0_.id=autores1_.Livro_id 
2017-08-23 08:24:08,679 INFO  [stdout] (default task-6)     inner join
2017-08-23 08:24:08,679 INFO  [stdout] (default task-6)         Autor autor2_ 
2017-08-23 08:24:08,679 INFO  [stdout] (default task-6)             on autores1_.autores_id=autor2_.id
2017-08-23 08:24:09,019 INFO  [stdout] (default task-7) Hibernate: 
2017-08-23 08:24:09,019 INFO  [stdout] (default task-7)     select
2017-08-23 08:24:09,019 INFO  [stdout] (default task-7)         distinct livro0_.id as id1_1_0_,
2017-08-23 08:24:09,019 INFO  [stdout] (default task-7)         autor2_.id as id1_0_1_,
2017-08-23 08:24:09,019 INFO  [stdout] (default task-7)         livro0_.descricao as descrica2_1_0_,
2017-08-23 08:24:09,019 INFO  [stdout] (default task-7)         livro0_.numeroPaginas as numeroPa3_1_0_,
2017-08-23 08:24:09,019 INFO  [stdout] (default task-7)         livro0_.preco as preco4_1_0_,
2017-08-23 08:24:09,020 INFO  [stdout] (default task-7)         livro0_.titulo as titulo5_1_0_,
2017-08-23 08:24:09,020 INFO  [stdout] (default task-7)         autor2_.nome as nome2_0_1_,
2017-08-23 08:24:09,020 INFO  [stdout] (default task-7)         autores1_.Livro_id as Livro_id1_2_0__,
2017-08-23 08:24:09,020 INFO  [stdout] (default task-7)         autores1_.autores_id as autores_2_2_0__ 
2017-08-23 08:24:09,020 INFO  [stdout] (default task-7)     from
2017-08-23 08:24:09,020 INFO  [stdout] (default task-7)         Livro livro0_ 
2017-08-23 08:24:09,020 INFO  [stdout] (default task-7)     inner join
2017-08-23 08:24:09,020 INFO  [stdout] (default task-7)         Livro_Autor autores1_ 
2017-08-23 08:24:09,020 INFO  [stdout] (default task-7)             on livro0_.id=autores1_.Livro_id 
2017-08-23 08:24:09,020 INFO  [stdout] (default task-7)     inner join
2017-08-23 08:24:09,020 INFO  [stdout] (default task-7)         Autor autor2_ 
2017-08-23 08:24:09,020 INFO  [stdout] (default task-7)             on autores1_.autores_id=autor2_.id
2017-08-23 08:24:09,189 INFO  [stdout] (default task-8) Hibernate: 
2017-08-23 08:24:09,189 INFO  [stdout] (default task-8)     select
2017-08-23 08:24:09,189 INFO  [stdout] (default task-8)         distinct livro0_.id as id1_1_0_,
2017-08-23 08:24:09,190 INFO  [stdout] (default task-8)         autor2_.id as id1_0_1_,
2017-08-23 08:24:09,190 INFO  [stdout] (default task-8)         livro0_.descricao as descrica2_1_0_,
2017-08-23 08:24:09,190 INFO  [stdout] (default task-8)         livro0_.numeroPaginas as numeroPa3_1_0_,
2017-08-23 08:24:09,190 INFO  [stdout] (default task-8)         livro0_.preco as preco4_1_0_,
2017-08-23 08:24:09,190 INFO  [stdout] (default task-8)         livro0_.titulo as titulo5_1_0_,
2017-08-23 08:24:09,190 INFO  [stdout] (default task-8)         autor2_.nome as nome2_0_1_,
2017-08-23 08:24:09,190 INFO  [stdout] (default task-8)         autores1_.Livro_id as Livro_id1_2_0__,
2017-08-23 08:24:09,190 INFO  [stdout] (default task-8)         autores1_.autores_id as autores_2_2_0__ 
2017-08-23 08:24:09,190 INFO  [stdout] (default task-8)     from
2017-08-23 08:24:09,190 INFO  [stdout] (default task-8)         Livro livro0_ 
2017-08-23 08:24:09,190 INFO  [stdout] (default task-8)     inner join
2017-08-23 08:24:09,190 INFO  [stdout] (default task-8)         Livro_Autor autores1_ 
2017-08-23 08:24:09,190 INFO  [stdout] (default task-8)             on livro0_.id=autores1_.Livro_id 
2017-08-23 08:24:09,190 INFO  [stdout] (default task-8)     inner join
2017-08-23 08:24:09,190 INFO  [stdout] (default task-8)         Autor autor2_ 
2017-08-23 08:24:09,191 INFO  [stdout] (default task-8)             on autores1_.autores_id=autor2_.id
2017-08-23 08:24:09,350 INFO  [stdout] (default task-9) Hibernate: 
2017-08-23 08:24:09,350 INFO  [stdout] (default task-9)     select
2017-08-23 08:24:09,350 INFO  [stdout] (default task-9)         distinct livro0_.id as id1_1_0_,
2017-08-23 08:24:09,350 INFO  [stdout] (default task-9)         autor2_.id as id1_0_1_,
2017-08-23 08:24:09,350 INFO  [stdout] (default task-9)         livro0_.descricao as descrica2_1_0_,
2017-08-23 08:24:09,350 INFO  [stdout] (default task-9)         livro0_.numeroPaginas as numeroPa3_1_0_,
2017-08-23 08:24:09,351 INFO  [stdout] (default task-9)         livro0_.preco as preco4_1_0_,
2017-08-23 08:24:09,351 INFO  [stdout] (default task-9)         livro0_.titulo as titulo5_1_0_,
2017-08-23 08:24:09,351 INFO  [stdout] (default task-9)         autor2_.nome as nome2_0_1_,
2017-08-23 08:24:09,351 INFO  [stdout] (default task-9)         autores1_.Livro_id as Livro_id1_2_0__,
2017-08-23 08:24:09,351 INFO  [stdout] (default task-9)         autores1_.autores_id as autores_2_2_0__ 
2017-08-23 08:24:09,351 INFO  [stdout] (default task-9)     from
2017-08-23 08:24:09,351 INFO  [stdout] (default task-9)         Livro livro0_ 
2017-08-23 08:24:09,351 INFO  [stdout] (default task-9)     inner join
2017-08-23 08:24:09,351 INFO  [stdout] (default task-9)         Livro_Autor autores1_ 
2017-08-23 08:24:09,351 INFO  [stdout] (default task-9)             on livro0_.id=autores1_.Livro_id 
2017-08-23 08:24:09,351 INFO  [stdout] (default task-9)     inner join
2017-08-23 08:24:09,351 INFO  [stdout] (default task-9)         Autor autor2_ 
2017-08-23 08:24:09,351 INFO  [stdout] (default task-9)             on autores1_.autores_id=autor2_.id
2017-08-23 08:24:09,621 INFO  [stdout] (default task-10) Hibernate: 
2017-08-23 08:24:09,621 INFO  [stdout] (default task-10)     select
2017-08-23 08:24:09,621 INFO  [stdout] (default task-10)         distinct livro0_.id as id1_1_0_,
2017-08-23 08:24:09,621 INFO  [stdout] (default task-10)         autor2_.id as id1_0_1_,
2017-08-23 08:24:09,621 INFO  [stdout] (default task-10)         livro0_.descricao as descrica2_1_0_,
2017-08-23 08:24:09,621 INFO  [stdout] (default task-10)         livro0_.numeroPaginas as numeroPa3_1_0_,
2017-08-23 08:24:09,621 INFO  [stdout] (default task-10)         livro0_.preco as preco4_1_0_,
2017-08-23 08:24:09,621 INFO  [stdout] (default task-10)         livro0_.titulo as titulo5_1_0_,
2017-08-23 08:24:09,622 INFO  [stdout] (default task-10)         autor2_.nome as nome2_0_1_,
2017-08-23 08:24:09,622 INFO  [stdout] (default task-10)         autores1_.Livro_id as Livro_id1_2_0__,
2017-08-23 08:24:09,622 INFO  [stdout] (default task-10)         autores1_.autores_id as autores_2_2_0__ 
2017-08-23 08:24:09,622 INFO  [stdout] (default task-10)     from
2017-08-23 08:24:09,622 INFO  [stdout] (default task-10)         Livro livro0_ 
2017-08-23 08:24:09,622 INFO  [stdout] (default task-10)     inner join
2017-08-23 08:24:09,622 INFO  [stdout] (default task-10)         Livro_Autor autores1_ 
2017-08-23 08:24:09,622 INFO  [stdout] (default task-10)             on livro0_.id=autores1_.Livro_id 
2017-08-23 08:24:09,622 INFO  [stdout] (default task-10)     inner join
2017-08-23 08:24:09,622 INFO  [stdout] (default task-10)         Autor autor2_ 
2017-08-23 08:24:09,622 INFO  [stdout] (default task-10)             on autores1_.autores_id=autor2_.id
2017-08-23 08:24:09,798 INFO  [stdout] (default task-11) Hibernate: 
2017-08-23 08:24:09,798 INFO  [stdout] (default task-11)     select
2017-08-23 08:24:09,799 INFO  [stdout] (default task-11)         distinct livro0_.id as id1_1_0_,
2017-08-23 08:24:09,799 INFO  [stdout] (default task-11)         autor2_.id as id1_0_1_,
2017-08-23 08:24:09,799 INFO  [stdout] (default task-11)         livro0_.descricao as descrica2_1_0_,
2017-08-23 08:24:09,799 INFO  [stdout] (default task-11)         livro0_.numeroPaginas as numeroPa3_1_0_,
2017-08-23 08:24:09,799 INFO  [stdout] (default task-11)         livro0_.preco as preco4_1_0_,
2017-08-23 08:24:09,799 INFO  [stdout] (default task-11)         livro0_.titulo as titulo5_1_0_,
2017-08-23 08:24:09,799 INFO  [stdout] (default task-11)         autor2_.nome as nome2_0_1_,
2017-08-23 08:24:09,799 INFO  [stdout] (default task-11)         autores1_.Livro_id as Livro_id1_2_0__,
2017-08-23 08:24:09,799 INFO  [stdout] (default task-11)         autores1_.autores_id as autores_2_2_0__ 
2017-08-23 08:24:09,799 INFO  [stdout] (default task-11)     from
2017-08-23 08:24:09,799 INFO  [stdout] (default task-11)         Livro livro0_ 
2017-08-23 08:24:09,799 INFO  [stdout] (default task-11)     inner join
2017-08-23 08:24:09,799 INFO  [stdout] (default task-11)         Livro_Autor autores1_ 
2017-08-23 08:24:09,800 INFO  [stdout] (default task-11)             on livro0_.id=autores1_.Livro_id 
2017-08-23 08:24:09,800 INFO  [stdout] (default task-11)     inner join
2017-08-23 08:24:09,800 INFO  [stdout] (default task-11)         Autor autor2_ 
2017-08-23 08:24:09,800 INFO  [stdout] (default task-11)             on autores1_.autores_id=autor2_.id
2017-08-23 08:24:09,972 INFO  [stdout] (default task-12) Hibernate: 
2017-08-23 08:24:09,972 INFO  [stdout] (default task-12)     select
2017-08-23 08:24:09,972 INFO  [stdout] (default task-12)         distinct livro0_.id as id1_1_0_,
2017-08-23 08:24:09,972 INFO  [stdout] (default task-12)         autor2_.id as id1_0_1_,
2017-08-23 08:24:09,973 INFO  [stdout] (default task-12)         livro0_.descricao as descrica2_1_0_,
2017-08-23 08:24:09,973 INFO  [stdout] (default task-12)         livro0_.numeroPaginas as numeroPa3_1_0_,
2017-08-23 08:24:09,973 INFO  [stdout] (default task-12)         livro0_.preco as preco4_1_0_,
2017-08-23 08:24:09,973 INFO  [stdout] (default task-12)         livro0_.titulo as titulo5_1_0_,
2017-08-23 08:24:09,973 INFO  [stdout] (default task-12)         autor2_.nome as nome2_0_1_,
2017-08-23 08:24:09,973 INFO  [stdout] (default task-12)         autores1_.Livro_id as Livro_id1_2_0__,
2017-08-23 08:24:09,973 INFO  [stdout] (default task-12)         autores1_.autores_id as autores_2_2_0__ 
2017-08-23 08:24:09,973 INFO  [stdout] (default task-12)     from
2017-08-23 08:24:09,973 INFO  [stdout] (default task-12)         Livro livro0_ 
2017-08-23 08:24:09,973 INFO  [stdout] (default task-12)     inner join
2017-08-23 08:24:09,973 INFO  [stdout] (default task-12)         Livro_Autor autores1_ 
2017-08-23 08:24:09,973 INFO  [stdout] (default task-12)             on livro0_.id=autores1_.Livro_id 
2017-08-23 08:24:09,973 INFO  [stdout] (default task-12)     inner join
2017-08-23 08:24:09,973 INFO  [stdout] (default task-12)         Autor autor2_ 
2017-08-23 08:24:09,973 INFO  [stdout] (default task-12)             on autores1_.autores_id=autor2_.id
2017-08-23 08:24:10,128 INFO  [stdout] (default task-13) Hibernate: 
2017-08-23 08:24:10,128 INFO  [stdout] (default task-13)     select
2017-08-23 08:24:10,128 INFO  [stdout] (default task-13)         distinct livro0_.id as id1_1_0_,
2017-08-23 08:24:10,128 INFO  [stdout] (default task-13)         autor2_.id as id1_0_1_,
2017-08-23 08:24:10,128 INFO  [stdout] (default task-13)         livro0_.descricao as descrica2_1_0_,
2017-08-23 08:24:10,128 INFO  [stdout] (default task-13)         livro0_.numeroPaginas as numeroPa3_1_0_,
2017-08-23 08:24:10,128 INFO  [stdout] (default task-13)         livro0_.preco as preco4_1_0_,
2017-08-23 08:24:10,128 INFO  [stdout] (default task-13)         livro0_.titulo as titulo5_1_0_,
2017-08-23 08:24:10,129 INFO  [stdout] (default task-13)         autor2_.nome as nome2_0_1_,
2017-08-23 08:24:10,129 INFO  [stdout] (default task-13)         autores1_.Livro_id as Livro_id1_2_0__,
2017-08-23 08:24:10,129 INFO  [stdout] (default task-13)         autores1_.autores_id as autores_2_2_0__ 
2017-08-23 08:24:10,129 INFO  [stdout] (default task-13)     from
2017-08-23 08:24:10,129 INFO  [stdout] (default task-13)         Livro livro0_ 
2017-08-23 08:24:10,129 INFO  [stdout] (default task-13)     inner join
2017-08-23 08:24:10,129 INFO  [stdout] (default task-13)         Livro_Autor autores1_ 
2017-08-23 08:24:10,129 INFO  [stdout] (default task-13)             on livro0_.id=autores1_.Livro_id 
2017-08-23 08:24:10,129 INFO  [stdout] (default task-13)     inner join
2017-08-23 08:24:10,129 INFO  [stdout] (default task-13)         Autor autor2_ 
2017-08-23 08:24:10,130 INFO  [stdout] (default task-13)             on autores1_.autores_id=autor2_.id
2017-08-23 08:24:10,293 INFO  [stdout] (default task-14) Hibernate: 
2017-08-23 08:24:10,293 INFO  [stdout] (default task-14)     select
2017-08-23 08:24:10,293 INFO  [stdout] (default task-14)         distinct livro0_.id as id1_1_0_,
2017-08-23 08:24:10,293 INFO  [stdout] (default task-14)         autor2_.id as id1_0_1_,
2017-08-23 08:24:10,293 INFO  [stdout] (default task-14)         livro0_.descricao as descrica2_1_0_,
2017-08-23 08:24:10,293 INFO  [stdout] (default task-14)         livro0_.numeroPaginas as numeroPa3_1_0_,
2017-08-23 08:24:10,293 INFO  [stdout] (default task-14)         livro0_.preco as preco4_1_0_,
2017-08-23 08:24:10,293 INFO  [stdout] (default task-14)         livro0_.titulo as titulo5_1_0_,
2017-08-23 08:24:10,294 INFO  [stdout] (default task-14)         autor2_.nome as nome2_0_1_,
2017-08-23 08:24:10,294 INFO  [stdout] (default task-14)         autores1_.Livro_id as Livro_id1_2_0__,
2017-08-23 08:24:10,294 INFO  [stdout] (default task-14)         autores1_.autores_id as autores_2_2_0__ 
2017-08-23 08:24:10,294 INFO  [stdout] (default task-14)     from
2017-08-23 08:24:10,294 INFO  [stdout] (default task-14)         Livro livro0_ 
2017-08-23 08:24:10,294 INFO  [stdout] (default task-14)     inner join
2017-08-23 08:24:10,294 INFO  [stdout] (default task-14)         Livro_Autor autores1_ 
2017-08-23 08:24:10,294 INFO  [stdout] (default task-14)             on livro0_.id=autores1_.Livro_id 
2017-08-23 08:24:10,294 INFO  [stdout] (default task-14)     inner join
2017-08-23 08:24:10,294 INFO  [stdout] (default task-14)         Autor autor2_ 
2017-08-23 08:24:10,294 INFO  [stdout] (default task-14)             on autores1_.autores_id=autor2_.id
2017-08-23 08:24:10,461 INFO  [stdout] (default task-15) Hibernate: 
2017-08-23 08:24:10,461 INFO  [stdout] (default task-15)     select
2017-08-23 08:24:10,461 INFO  [stdout] (default task-15)         distinct livro0_.id as id1_1_0_,
2017-08-23 08:24:10,461 INFO  [stdout] (default task-15)         autor2_.id as id1_0_1_,
2017-08-23 08:24:10,461 INFO  [stdout] (default task-15)         livro0_.descricao as descrica2_1_0_,
2017-08-23 08:24:10,461 INFO  [stdout] (default task-15)         livro0_.numeroPaginas as numeroPa3_1_0_,
2017-08-23 08:24:10,461 INFO  [stdout] (default task-15)         livro0_.preco as preco4_1_0_,
2017-08-23 08:24:10,461 INFO  [stdout] (default task-15)         livro0_.titulo as titulo5_1_0_,
2017-08-23 08:24:10,461 INFO  [stdout] (default task-15)         autor2_.nome as nome2_0_1_,
2017-08-23 08:24:10,462 INFO  [stdout] (default task-15)         autores1_.Livro_id as Livro_id1_2_0__,
2017-08-23 08:24:10,462 INFO  [stdout] (default task-15)         autores1_.autores_id as autores_2_2_0__ 
2017-08-23 08:24:10,462 INFO  [stdout] (default task-15)     from
2017-08-23 08:24:10,462 INFO  [stdout] (default task-15)         Livro livro0_ 
2017-08-23 08:24:10,462 INFO  [stdout] (default task-15)     inner join
2017-08-23 08:24:10,462 INFO  [stdout] (default task-15)         Livro_Autor autores1_ 
2017-08-23 08:24:10,462 INFO  [stdout] (default task-15)             on livro0_.id=autores1_.Livro_id 
2017-08-23 08:24:10,462 INFO  [stdout] (default task-15)     inner join
2017-08-23 08:24:10,462 INFO  [stdout] (default task-15)         Autor autor2_ 
2017-08-23 08:24:10,462 INFO  [stdout] (default task-15)             on autores1_.autores_id=autor2_.id
2017-08-23 08:24:11,029 INFO  [stdout] (default task-16) Hibernate: 
2017-08-23 08:24:11,029 INFO  [stdout] (default task-16)     select
2017-08-23 08:24:11,029 INFO  [stdout] (default task-16)         distinct livro0_.id as id1_1_0_,
2017-08-23 08:24:11,029 INFO  [stdout] (default task-16)         autor2_.id as id1_0_1_,
2017-08-23 08:24:11,029 INFO  [stdout] (default task-16)         livro0_.descricao as descrica2_1_0_,
2017-08-23 08:24:11,029 INFO  [stdout] (default task-16)         livro0_.numeroPaginas as numeroPa3_1_0_,
2017-08-23 08:24:11,029 INFO  [stdout] (default task-16)         livro0_.preco as preco4_1_0_,
2017-08-23 08:24:11,029 INFO  [stdout] (default task-16)         livro0_.titulo as titulo5_1_0_,
2017-08-23 08:24:11,029 INFO  [stdout] (default task-16)         autor2_.nome as nome2_0_1_,
2017-08-23 08:24:11,029 INFO  [stdout] (default task-16)         autores1_.Livro_id as Livro_id1_2_0__,
2017-08-23 08:24:11,029 INFO  [stdout] (default task-16)         autores1_.autores_id as autores_2_2_0__ 
2017-08-23 08:24:11,029 INFO  [stdout] (default task-16)     from
2017-08-23 08:24:11,029 INFO  [stdout] (default task-16)         Livro livro0_ 
2017-08-23 08:24:11,030 INFO  [stdout] (default task-16)     inner join
2017-08-23 08:24:11,030 INFO  [stdout] (default task-16)         Livro_Autor autores1_ 
2017-08-23 08:24:11,030 INFO  [stdout] (default task-16)             on livro0_.id=autores1_.Livro_id 
2017-08-23 08:24:11,030 INFO  [stdout] (default task-16)     inner join
2017-08-23 08:24:11,030 INFO  [stdout] (default task-16)         Autor autor2_ 
2017-08-23 08:24:11,030 INFO  [stdout] (default task-16)             on autores1_.autores_id=autor2_.id
2017-08-23 08:24:11,608 INFO  [stdout] (default task-17) Hibernate: 
2017-08-23 08:24:11,608 INFO  [stdout] (default task-17)     select
2017-08-23 08:24:11,608 INFO  [stdout] (default task-17)         distinct livro0_.id as id1_1_0_,
2017-08-23 08:24:11,608 INFO  [stdout] (default task-17)         autor2_.id as id1_0_1_,
2017-08-23 08:24:11,608 INFO  [stdout] (default task-17)         livro0_.descricao as descrica2_1_0_,
2017-08-23 08:24:11,608 INFO  [stdout] (default task-17)         livro0_.numeroPaginas as numeroPa3_1_0_,
2017-08-23 08:24:11,608 INFO  [stdout] (default task-17)         livro0_.preco as preco4_1_0_,
2017-08-23 08:24:11,608 INFO  [stdout] (default task-17)         livro0_.titulo as titulo5_1_0_,
2017-08-23 08:24:11,608 INFO  [stdout] (default task-17)         autor2_.nome as nome2_0_1_,
2017-08-23 08:24:11,608 INFO  [stdout] (default task-17)         autores1_.Livro_id as Livro_id1_2_0__,
2017-08-23 08:24:11,608 INFO  [stdout] (default task-17)         autores1_.autores_id as autores_2_2_0__ 
2017-08-23 08:24:11,608 INFO  [stdout] (default task-17)     from
2017-08-23 08:24:11,609 INFO  [stdout] (default task-17)         Livro livro0_ 
2017-08-23 08:24:11,609 INFO  [stdout] (default task-17)     inner join
2017-08-23 08:24:11,609 INFO  [stdout] (default task-17)         Livro_Autor autores1_ 
2017-08-23 08:24:11,609 INFO  [stdout] (default task-17)             on livro0_.id=autores1_.Livro_id 
2017-08-23 08:24:11,609 INFO  [stdout] (default task-17)     inner join
2017-08-23 08:24:11,609 INFO  [stdout] (default task-17)         Autor autor2_ 
2017-08-23 08:24:11,609 INFO  [stdout] (default task-17)             on autores1_.autores_id=autor2_.id
2017-08-23 08:24:12,014 INFO  [stdout] (default task-18) Hibernate: 
2017-08-23 08:24:12,014 INFO  [stdout] (default task-18)     select
2017-08-23 08:24:12,014 INFO  [stdout] (default task-18)         distinct livro0_.id as id1_1_0_,
2017-08-23 08:24:12,014 INFO  [stdout] (default task-18)         autor2_.id as id1_0_1_,
2017-08-23 08:24:12,014 INFO  [stdout] (default task-18)         livro0_.descricao as descrica2_1_0_,
2017-08-23 08:24:12,015 INFO  [stdout] (default task-18)         livro0_.numeroPaginas as numeroPa3_1_0_,
2017-08-23 08:24:12,015 INFO  [stdout] (default task-18)         livro0_.preco as preco4_1_0_,
2017-08-23 08:24:12,015 INFO  [stdout] (default task-18)         livro0_.titulo as titulo5_1_0_,
2017-08-23 08:24:12,015 INFO  [stdout] (default task-18)         autor2_.nome as nome2_0_1_,
2017-08-23 08:24:12,015 INFO  [stdout] (default task-18)         autores1_.Livro_id as Livro_id1_2_0__,
2017-08-23 08:24:12,015 INFO  [stdout] (default task-18)         autores1_.autores_id as autores_2_2_0__ 
2017-08-23 08:24:12,015 INFO  [stdout] (default task-18)     from
2017-08-23 08:24:12,015 INFO  [stdout] (default task-18)         Livro livro0_ 
2017-08-23 08:24:12,015 INFO  [stdout] (default task-18)     inner join
2017-08-23 08:24:12,015 INFO  [stdout] (default task-18)         Livro_Autor autores1_ 
2017-08-23 08:24:12,015 INFO  [stdout] (default task-18)             on livro0_.id=autores1_.Livro_id 
2017-08-23 08:24:12,015 INFO  [stdout] (default task-18)     inner join
2017-08-23 08:24:12,015 INFO  [stdout] (default task-18)         Autor autor2_ 
2017-08-23 08:24:12,015 INFO  [stdout] (default task-18)             on autores1_.autores_id=autor2_.id
2017-08-23 08:24:12,230 INFO  [stdout] (default task-19) Hibernate: 
2017-08-23 08:24:12,231 INFO  [stdout] (default task-19)     select
2017-08-23 08:24:12,231 INFO  [stdout] (default task-19)         distinct livro0_.id as id1_1_0_,
2017-08-23 08:24:12,231 INFO  [stdout] (default task-19)         autor2_.id as id1_0_1_,
2017-08-23 08:24:12,231 INFO  [stdout] (default task-19)         livro0_.descricao as descrica2_1_0_,
2017-08-23 08:24:12,231 INFO  [stdout] (default task-19)         livro0_.numeroPaginas as numeroPa3_1_0_,
2017-08-23 08:24:12,231 INFO  [stdout] (default task-19)         livro0_.preco as preco4_1_0_,
2017-08-23 08:24:12,231 INFO  [stdout] (default task-19)         livro0_.titulo as titulo5_1_0_,
2017-08-23 08:24:12,231 INFO  [stdout] (default task-19)         autor2_.nome as nome2_0_1_,
2017-08-23 08:24:12,231 INFO  [stdout] (default task-19)         autores1_.Livro_id as Livro_id1_2_0__,
2017-08-23 08:24:12,231 INFO  [stdout] (default task-19)         autores1_.autores_id as autores_2_2_0__ 
2017-08-23 08:24:12,231 INFO  [stdout] (default task-19)     from
2017-08-23 08:24:12,231 INFO  [stdout] (default task-19)         Livro livro0_ 
2017-08-23 08:24:12,231 INFO  [stdout] (default task-19)     inner join
2017-08-23 08:24:12,231 INFO  [stdout] (default task-19)         Livro_Autor autores1_ 
2017-08-23 08:24:12,231 INFO  [stdout] (default task-19)             on livro0_.id=autores1_.Livro_id 
2017-08-23 08:24:12,231 INFO  [stdout] (default task-19)     inner join
2017-08-23 08:24:12,231 INFO  [stdout] (default task-19)         Autor autor2_ 
2017-08-23 08:24:12,231 INFO  [stdout] (default task-19)             on autores1_.autores_id=autor2_.id
2017-08-23 08:24:12,436 INFO  [stdout] (default task-20) Hibernate: 
2017-08-23 08:24:12,436 INFO  [stdout] (default task-20)     select
2017-08-23 08:24:12,436 INFO  [stdout] (default task-20)         distinct livro0_.id as id1_1_0_,
2017-08-23 08:24:12,437 INFO  [stdout] (default task-20)         autor2_.id as id1_0_1_,
2017-08-23 08:24:12,437 INFO  [stdout] (default task-20)         livro0_.descricao as descrica2_1_0_,
2017-08-23 08:24:12,437 INFO  [stdout] (default task-20)         livro0_.numeroPaginas as numeroPa3_1_0_,
2017-08-23 08:24:12,437 INFO  [stdout] (default task-20)         livro0_.preco as preco4_1_0_,
2017-08-23 08:24:12,437 INFO  [stdout] (default task-20)         livro0_.titulo as titulo5_1_0_,
2017-08-23 08:24:12,437 INFO  [stdout] (default task-20)         autor2_.nome as nome2_0_1_,
2017-08-23 08:24:12,437 INFO  [stdout] (default task-20)         autores1_.Livro_id as Livro_id1_2_0__,
2017-08-23 08:24:12,437 INFO  [stdout] (default task-20)         autores1_.autores_id as autores_2_2_0__ 
2017-08-23 08:24:12,437 INFO  [stdout] (default task-20)     from
2017-08-23 08:24:12,437 INFO  [stdout] (default task-20)         Livro livro0_ 
2017-08-23 08:24:12,437 INFO  [stdout] (default task-20)     inner join
2017-08-23 08:24:12,437 INFO  [stdout] (default task-20)         Livro_Autor autores1_ 
2017-08-23 08:24:12,437 INFO  [stdout] (default task-20)             on livro0_.id=autores1_.Livro_id 
2017-08-23 08:24:12,437 INFO  [stdout] (default task-20)     inner join
2017-08-23 08:24:12,437 INFO  [stdout] (default task-20)         Autor autor2_ 
2017-08-23 08:24:12,437 INFO  [stdout] (default task-20)             on autores1_.autores_id=autor2_.id
2017-08-23 08:24:16,197 INFO  [stdout] (default task-21) Hibernate: 
2017-08-23 08:24:16,197 INFO  [stdout] (default task-21)     select
2017-08-23 08:24:16,197 INFO  [stdout] (default task-21)         distinct livro0_.id as id1_1_0_,
2017-08-23 08:24:16,197 INFO  [stdout] (default task-21)         autor2_.id as id1_0_1_,
2017-08-23 08:24:16,198 INFO  [stdout] (default task-21)         livro0_.descricao as descrica2_1_0_,
2017-08-23 08:24:16,198 INFO  [stdout] (default task-21)         livro0_.numeroPaginas as numeroPa3_1_0_,
2017-08-23 08:24:16,198 INFO  [stdout] (default task-21)         livro0_.preco as preco4_1_0_,
2017-08-23 08:24:16,198 INFO  [stdout] (default task-21)         livro0_.titulo as titulo5_1_0_,
2017-08-23 08:24:16,198 INFO  [stdout] (default task-21)         autor2_.nome as nome2_0_1_,
2017-08-23 08:24:16,198 INFO  [stdout] (default task-21)         autores1_.Livro_id as Livro_id1_2_0__,
2017-08-23 08:24:16,198 INFO  [stdout] (default task-21)         autores1_.autores_id as autores_2_2_0__ 
2017-08-23 08:24:16,198 INFO  [stdout] (default task-21)     from
2017-08-23 08:24:16,198 INFO  [stdout] (default task-21)         Livro livro0_ 
2017-08-23 08:24:16,198 INFO  [stdout] (default task-21)     inner join
2017-08-23 08:24:16,198 INFO  [stdout] (default task-21)         Livro_Autor autores1_ 
2017-08-23 08:24:16,198 INFO  [stdout] (default task-21)             on livro0_.id=autores1_.Livro_id 
2017-08-23 08:24:16,198 INFO  [stdout] (default task-21)     inner join
2017-08-23 08:24:16,198 INFO  [stdout] (default task-21)         Autor autor2_ 
2017-08-23 08:24:16,199 INFO  [stdout] (default task-21)             on autores1_.autores_id=autor2_.id
2017-08-23 08:26:48,775 INFO  [org.jboss.as.server] (management-handler-thread - 6) WFLYSRV0211: Suspending server with 0ms timeout.
2017-08-23 08:26:48,782 INFO  [org.jboss.as.server] (Thread-2) WFLYSRV0220: Server shutdown has been requested.
2017-08-23 08:26:48,807 INFO  [org.wildfly.extension.messaging-activemq] (ServerService Thread Pool -- 73) WFLYMSGAMQ0006: Unbound messaging object to jndi name java:jboss/exported/jms/RemoteConnectionFactory
2017-08-23 08:26:48,814 INFO  [org.wildfly.extension.undertow] (ServerService Thread Pool -- 74) WFLYUT0022: Unregistered web context: /casadocodigo
2017-08-23 08:26:48,827 INFO  [org.wildfly.extension.undertow] (MSC service thread 1-4) WFLYUT0019: Host default-host stopping
2017-08-23 08:26:48,831 INFO  [org.jboss.weld.deployer] (MSC service thread 1-3) WFLYWELD0010: Stopping weld service for deployment casadocodigo.war
2017-08-23 08:26:48,848 INFO  [org.jboss.as.connector.subsystems.datasources] (MSC service thread 1-4) WFLYJCA0010: Unbound data source [java:jboss/datasources/ExampleDS]
2017-08-23 08:26:48,848 INFO  [org.wildfly.extension.messaging-activemq] (MSC service thread 1-8) WFLYMSGAMQ0006: Unbound messaging object to jndi name java:jboss/DefaultJMSConnectionFactory
2017-08-23 08:26:48,848 INFO  [org.jboss.as.connector.deployment] (MSC service thread 1-4) WFLYJCA0011: Unbound JCA ConnectionFactory [java:/JmsXA]
2017-08-23 08:26:48,849 INFO  [org.jboss.as.jpa] (ServerService Thread Pool -- 74) WFLYJPA0011: Stopping Persistence Unit (phase 2 of 2) Service 'casadocodigo.war#casadocodigo-dev'
2017-08-23 08:26:48,850 INFO  [org.jboss.as.connector.deployers.jdbc] (MSC service thread 1-7) WFLYJCA0019: Stopped Driver service with driver-name = h2
2017-08-23 08:26:48,855 INFO  [org.jboss.as.jpa] (ServerService Thread Pool -- 74) WFLYJPA0011: Stopping Persistence Unit (phase 1 of 2) Service 'casadocodigo.war#casadocodigo-dev'
2017-08-23 08:26:48,855 INFO  [org.jboss.as.connector.subsystems.datasources] (MSC service thread 1-4) WFLYJCA0010: Unbound data source [java:jboss/datasources/casadocodigoDS]
2017-08-23 08:26:48,856 WARN  [org.jboss.jca.core.connectionmanager.pool.strategy.OnePool] (ServerService Thread Pool -- 74) IJ000615: Destroying active connection in pool: casadocodigoDS (org.jboss.jca.adapters.jdbc.local.LocalManagedConnection@5dfa5e04)
2017-08-23 08:26:48,861 INFO  [org.jboss.as.connector.deployers.jdbc] (MSC service thread 1-3) WFLYJCA0019: Stopped Driver service with driver-name = mysql
2017-08-23 08:26:48,864 INFO  [org.jboss.as.server.deployment] (MSC service thread 1-5) WFLYSRV0028: Stopped deployment casadocodigo.war (runtime-name: casadocodigo.war) in 72ms
2017-08-23 08:26:48,869 INFO  [org.apache.activemq.artemis.ra] (ServerService Thread Pool -- 76) AMQ151003: resource adaptor stopped
2017-08-23 08:26:48,889 INFO  [org.apache.activemq.artemis.core.server] (ServerService Thread Pool -- 76) AMQ221002: Apache ActiveMQ Artemis Message Broker version 1.1.0.wildfly-011 [59638e90-80fc-11e7-a238-eb8c275d46bf] stopped
2017-08-23 08:26:48,890 INFO  [org.wildfly.extension.undertow] (MSC service thread 1-7) WFLYUT0008: Undertow HTTP listener default suspending
2017-08-23 08:26:48,891 INFO  [org.wildfly.extension.undertow] (MSC service thread 1-7) WFLYUT0007: Undertow HTTP listener default stopped, was bound to 127.0.0.1:8080
2017-08-23 08:26:48,892 INFO  [org.wildfly.extension.undertow] (MSC service thread 1-1) WFLYUT0004: Undertow 1.3.15.Final stopping
2017-08-23 08:26:48,900 INFO  [org.jboss.as] (MSC service thread 1-3) WFLYSRV0050: WildFly Full 10.0.0.Final (WildFly Core 2.0.10.Final) stopped in 103ms
